0 info it worked if it ends with ok
1 verbose cli [ '/usr/bin/nodejs',
1 verbose cli   '/usr/bin/npm',
1 verbose cli   'install',
1 verbose cli   '-',
1 verbose cli   'save-dev',
1 verbose cli   'babel-plugin-react-intl' ]
2 info using npm@3.5.2
3 info using node@v4.2.6
4 silly loadCurrentTree Starting
5 silly install loadCurrentTree
6 silly install readLocalPackageData
7 silly fetchPackageMetaData -
8 silly fetchPackageMetaData save-dev
9 silly fetchPackageMetaData babel-plugin-react-intl
10 silly fetchOtherPackageData -
11 silly cache add args [ '-', null ]
12 verbose cache add spec -
13 silly fetchNamedPackageData save-dev
14 silly mapToRegistry name save-dev
15 silly mapToRegistry using default registry
16 silly mapToRegistry registry https://registry.npmjs.org/
17 silly mapToRegistry uri https://registry.npmjs.org/save-dev
18 silly fetchNamedPackageData babel-plugin-react-intl
19 silly mapToRegistry name babel-plugin-react-intl
20 silly mapToRegistry using default registry
21 silly mapToRegistry registry https://registry.npmjs.org/
22 silly mapToRegistry uri https://registry.npmjs.org/babel-plugin-react-intl
23 silly cache add parsed spec Result {
23 silly cache add   raw: '-',
23 silly cache add   scope: null,
23 silly cache add   name: null,
23 silly cache add   rawSpec: '-',
23 silly cache add   spec: '/home/frederic/0- Programmation/Meteor/multi-chrono/-',
23 silly cache add   type: 'local' }
24 error addLocal Could not install /home/frederic/0- Programmation/Meteor/multi-chrono/-
25 silly fetchPackageMetaData Error: ENOENT: no such file or directory, open '/home/frederic/0- Programmation/Meteor/multi-chrono/-'
25 silly fetchPackageMetaData     at Error (native)
25 silly fetchPackageMetaData  error for - { [Error: ENOENT: no such file or directory, open '/home/frederic/0- Programmation/Meteor/multi-chrono/-']
25 silly fetchPackageMetaData   errno: -2,
25 silly fetchPackageMetaData   code: 'ENOENT',
25 silly fetchPackageMetaData   syscall: 'open',
25 silly fetchPackageMetaData   path: '/home/frederic/0- Programmation/Meteor/multi-chrono/-' }
26 verbose request uri https://registry.npmjs.org/save-dev
27 verbose request no auth needed
28 info attempt registry request try #1 at 13:01:00
29 verbose request id d3a4466905ee5d4c
30 verbose etag "56b928c7-540"
31 verbose lastModified Mon, 8 Feb 2016 23:46:15 GMT
32 http request GET https://registry.npmjs.org/save-dev
33 verbose request uri https://registry.npmjs.org/babel-plugin-react-intl
34 verbose request no auth needed
35 info attempt registry request try #1 at 13:01:00
36 verbose etag "5942f801-725d"
37 verbose lastModified Thu, 15 Jun 2017 21:11:29 GMT
38 http request GET https://registry.npmjs.org/babel-plugin-react-intl
39 http 304 https://registry.npmjs.org/save-dev
40 verbose headers { date: 'Fri, 19 Jan 2018 12:01:00 GMT',
40 verbose headers   via: '1.1 varnish',
40 verbose headers   'cache-control': 'max-age=300',
40 verbose headers   etag: '"56b928c7-540"',
40 verbose headers   age: '13662',
40 verbose headers   connection: 'keep-alive',
40 verbose headers   'x-served-by': 'cache-lhr6340-LHR',
40 verbose headers   'x-cache': 'HIT',
40 verbose headers   'x-cache-hits': '1',
40 verbose headers   'x-timer': 'S1516363261.840041,VS0,VE1',
40 verbose headers   vary: 'Accept-Encoding, Accept' }
41 silly get cb [ 304,
41 silly get   { date: 'Fri, 19 Jan 2018 12:01:00 GMT',
41 silly get     via: '1.1 varnish',
41 silly get     'cache-control': 'max-age=300',
41 silly get     etag: '"56b928c7-540"',
41 silly get     age: '13662',
41 silly get     connection: 'keep-alive',
41 silly get     'x-served-by': 'cache-lhr6340-LHR',
41 silly get     'x-cache': 'HIT',
41 silly get     'x-cache-hits': '1',
41 silly get     'x-timer': 'S1516363261.840041,VS0,VE1',
41 silly get     vary: 'Accept-Encoding, Accept' } ]
42 verbose etag https://registry.npmjs.org/save-dev from cache
43 verbose get saving save-dev to /home/frederic/.npm/registry.npmjs.org/save-dev/.cache.json
44 http 304 https://registry.npmjs.org/babel-plugin-react-intl
45 verbose headers { date: 'Fri, 19 Jan 2018 12:01:00 GMT',
45 verbose headers   via: '1.1 varnish',
45 verbose headers   'cache-control': 'max-age=300',
45 verbose headers   etag: '"5942f801-725d"',
45 verbose headers   age: '12979',
45 verbose headers   connection: 'keep-alive',
45 verbose headers   'x-served-by': 'cache-lhr6339-LHR',
45 verbose headers   'x-cache': 'HIT',
45 verbose headers   'x-cache-hits': '1',
45 verbose headers   'x-timer': 'S1516363261.844515,VS0,VE0',
45 verbose headers   vary: 'Accept-Encoding, Accept' }
46 silly get cb [ 304,
46 silly get   { date: 'Fri, 19 Jan 2018 12:01:00 GMT',
46 silly get     via: '1.1 varnish',
46 silly get     'cache-control': 'max-age=300',
46 silly get     etag: '"5942f801-725d"',
46 silly get     age: '12979',
46 silly get     connection: 'keep-alive',
46 silly get     'x-served-by': 'cache-lhr6339-LHR',
46 silly get     'x-cache': 'HIT',
46 silly get     'x-cache-hits': '1',
46 silly get     'x-timer': 'S1516363261.844515,VS0,VE0',
46 silly get     vary: 'Accept-Encoding, Accept' } ]
47 verbose etag https://registry.npmjs.org/babel-plugin-react-intl from cache
48 verbose get saving babel-plugin-react-intl to /home/frederic/.npm/registry.npmjs.org/babel-plugin-react-intl/.cache.json
49 silly rollbackFailedOptional Starting
50 silly rollbackFailedOptional Finishing
51 silly runTopLevelLifecycles Starting
52 silly runTopLevelLifecycles Finishing
53 silly install printInstalled
54 verbose stack Error: ENOENT: no such file or directory, open '/home/frederic/0- Programmation/Meteor/multi-chrono/-'
54 verbose stack     at Error (native)
55 verbose cwd /home/frederic/0- Programmation/Meteor/multi-chrono
56 error Linux 4.13.0-26-generic
57 error argv "/usr/bin/nodejs" "/usr/bin/npm" "install" "-" "save-dev" "babel-plugin-react-intl"
58 error node v4.2.6
59 error npm  v3.5.2
60 error path /home/frederic/0- Programmation/Meteor/multi-chrono/-
61 error code ENOENT
62 error errno -2
63 error syscall open
64 error enoent ENOENT: no such file or directory, open '/home/frederic/0- Programmation/Meteor/multi-chrono/-'
65 error enoent ENOENT: no such file or directory, open '/home/frederic/0- Programmation/Meteor/multi-chrono/-'
65 error enoent This is most likely not a problem with npm itself
65 error enoent and is related to npm not being able to find a file.
66 verbose exit [ -2, true ]
